<?xml version="1.0" encoding="UTF-8"?>
<!-- Generated by org.testng.reporters.JUnitXMLReporter -->
<testsuite ignored="0" hostname="vivobook-asuslaptop-x512flc-x512fl" failures="0" tests="3" name="Default test" time="41.558" errors="0" timestamp="2024-03-28T17:15:25 IST">
  <testcase classname="com.gayu.Gayathri.Shortcutkey_Edit" name="Login" time="28.368"/>
  <testcase classname="com.gayu.Gayathri.Shortcutkey_Edit" name="table" time="8.752"/>
  <testcase classname="com.gayu.Gayathri.Shortcutkey_Edit" name="CheckNotes" time="3.153"/>
</testsuite> <!-- Default test -->
