<?xml version="1.0" encoding="UTF-8"?>
<!-- Generated by org.testng.reporters.JUnitXMLReporter -->
<testsuite ignored="0" hostname="vivobook-asuslaptop-x512flc-x512fl" failures="0" tests="3" name="Default test" time="103.346" errors="0" timestamp="2024-03-21T12:03:14 IST">
  <testcase classname="com.gayu.Gayathri.atlascopy" name="Login" time="35.224"/>
  <testcase classname="com.gayu.Gayathri.atlascopy" name="table" time="23.178"/>
  <testcase classname="com.gayu.Gayathri.atlascopy" name="atlas" time="43.111"/>
</testsuite> <!-- Default test -->
